<?xml version="1.0" encoding="UTF-8"?>
<!-- Generated by org.testng.reporters.JUnitReportReporter -->
<testsuite skipped="0" hostname="Komal-PC" name="Section33Maven.Mavenjava.RestApiTest" tests="2" failures="0" timestamp="2021-05-19T12:36:18 IST" time="0.000" errors="0">
  <testcase name="IosApps" time="0.000" classname="Section33Maven.Mavenjava.RestApiTest"/>
  <system-out/>
  <testcase name="nativeAppAndroid" time="0.000" classname="Section33Maven.Mavenjava.RestApiTest"/>
  <system-out/>
</testsuite> <!-- Section33Maven.Mavenjava.RestApiTest -->
