<?xml version="1.0" encoding="UTF-8"?>
<!-- Generated by org.testng.reporters.JUnitReportReporter -->
<testsuite skipped="0" hostname="Komal-PC" name="Section33Maven.Mavenjava.AppTest" tests="1" failures="0" timestamp="2021-05-19T12:36:18 IST" time="0.027" errors="0">
  <testcase name="shouldAnswerWithTrue" time="0.027" classname="Section33Maven.Mavenjava.AppTest"/>
  <system-out/>
</testsuite> <!-- Section33Maven.Mavenjava.AppTest -->
