<?xml version="1.0" encoding="UTF-8"?>
<!-- Generated by org.testng.reporters.JUnitReportReporter -->
<testsuite hostname="Komal-PC" failures="0" tests="2" name="Section33Maven.Mavenjava.SeleniumTest" time="0.003" errors="0" timestamp="2021-09-25T17:43:46 IST" skipped="0">
  <testcase classname="Section33Maven.Mavenjava.SeleniumTest" name="elementsUi" time="0.002"/>
  <system-out/>
  <testcase classname="Section33Maven.Mavenjava.SeleniumTest" name="browserAutomation" time="0.001"/>
  <system-out/>
</testsuite> <!-- Section33Maven.Mavenjava.SeleniumTest -->
