<?xml version="1.0" encoding="UTF-8"?>
<!-- Generated by org.testng.reporters.JUnitReportReporter -->
<testsuite hostname="Komal-PC" failures="0" tests="2" name="Section33Maven.Mavenjava.AppiumTest" time="0.011" errors="0" timestamp="2021-09-25T19:10:10 IST" skipped="0">
  <testcase classname="Section33Maven.Mavenjava.AppiumTest" name="nativeAppAndroid" time="0.002"/>
  <system-out/>
  <testcase classname="Section33Maven.Mavenjava.AppiumTest" name="IosApps" time="0.009"/>
  <system-out/>
</testsuite> <!-- Section33Maven.Mavenjava.AppiumTest -->
