<?xml version="1.0" encoding="UTF-8"?>
<!-- Generated by org.testng.reporters.JUnitReportReporter -->
<testsuite skipped="0" hostname="Komal-PC" name="Section33Maven.Mavenjava.AppiumTest" tests="2" failures="0" timestamp="2021-05-20T12:45:47 IST" time="0.007" errors="0">
  <testcase name="nativeAppAndroid" time="0.000" classname="Section33Maven.Mavenjava.AppiumTest"/>
  <system-out/>
  <testcase name="IosApps" time="0.007" classname="Section33Maven.Mavenjava.AppiumTest"/>
  <system-out/>
</testsuite> <!-- Section33Maven.Mavenjava.AppiumTest -->
