<?xml version="1.0" encoding="UTF-8"?>
<!-- Generated by org.testng.reporters.JUnitReportReporter -->
<testsuite skipped="0" hostname="Komal-PC" name="Section33Maven.Mavenjava.SeleniumTest" tests="2" failures="0" timestamp="2021-05-20T12:45:47 IST" time="0.000" errors="0">
  <testcase name="browserAutomation" time="0.000" classname="Section33Maven.Mavenjava.SeleniumTest"/>
  <system-out/>
  <testcase name="elementsUi" time="0.000" classname="Section33Maven.Mavenjava.SeleniumTest"/>
  <system-out/>
</testsuite> <!-- Section33Maven.Mavenjava.SeleniumTest -->
